<?xml version="1.0" encoding="UTF-8"?>
<testsuite xmlns:xsi="http://www.w3.org/2001/XMLSchema-instance" xsi:noNamespaceSchemaLocation="https://maven.apache.org/surefire/maven-surefire-plugin/xsd/surefire-test-report.xsd" version="3.0.2" name="org.acme.GreetingResourceTest" time="5.38" tests="1" errors="1" skipped="0" failures="0">
  <properties>
    <property name="java.specification.version" value="21"/>
    <property name="sun.cpu.isalist" value="amd64"/>
    <property name="sun.jnu.encoding" value="Cp1252"/>
    <property name="io.quarkus.security.http.test-if-basic-auth-implicitly-required" value="true"/>
    <property name="java.class.path" value="C:\Users\kates\OneDrive\Área de Trabalho\algoritmos\Udemy\Projeto de software\job-interest-service\jobsInterest\target\test-classes;C:\Users\kates\OneDrive\Área de Trabalho\algoritmos\Udemy\Projeto de software\job-interest-service\jobsInterest\target\classes;C:\Users\kates\.m2\repository\io\quarkus\quarkus-rest\3.22.3\quarkus-rest-3.22.3.jar;C:\Users\kates\.m2\repository\io\quarkus\quarkus-rest-common\3.22.3\quarkus-rest-common-3.22.3.jar;C:\Users\kates\.m2\repository\io\quarkus\resteasy\reactive\resteasy-reactive-common\3.22.3\resteasy-reactive-common-3.22.3.jar;C:\Users\kates\.m2\repository\io\quarkus\resteasy\reactive\resteasy-reactive-common-types\3.22.3\resteasy-reactive-common-types-3.22.3.jar;C:\Users\kates\.m2\repository\org\reactivestreams\reactive-streams\1.0.4\reactive-streams-1.0.4.jar;C:\Users\kates\.m2\repository\io\quarkus\quarkus-mutiny\3.22.3\quarkus-mutiny-3.22.3.jar;C:\Users\kates\.m2\repository\io\quarkus\quarkus-smallrye-context-propagation\3.22.3\quarkus-smallrye-context-propagation-3.22.3.jar;C:\Users\kates\.m2\repository\io\smallrye\smallrye-context-propagation\2.2.1\smallrye-context-propagation-2.2.1.jar;C:\Users\kates\.m2\repository\io\smallrye\smallrye-context-propagation-api\2.2.1\smallrye-context-propagation-api-2.2.1.jar;C:\Users\kates\.m2\repository\io\smallrye\smallrye-context-propagation-storage\2.2.1\smallrye-context-propagation-storage-2.2.1.jar;C:\Users\kates\.m2\repository\io\smallrye\reactive\mutiny-smallrye-context-propagation\2.8.0\mutiny-smallrye-context-propagation-2.8.0.jar;C:\Users\kates\.m2\repository\io\quarkus\resteasy\reactive\resteasy-reactive-vertx\3.22.3\resteasy-reactive-vertx-3.22.3.jar;C:\Users\kates\.m2\repository\io\vertx\vertx-web\4.5.14\vertx-web-4.5.14.jar;C:\Users\kates\.m2\repository\io\vertx\vertx-web-common\4.5.14\vertx-web-common-4.5.14.jar;C:\Users\kates\.m2\repository\io\vertx\vertx-auth-common\4.5.14\vertx-auth-common-4.5.14.jar;C:\Users\kates\.m2\repository\io\vertx\vertx-bridge-common\4.5.14\vertx-bridge-common-4.5.14.jar;C:\Users\kates\.m2\repository\io\smallrye\reactive\smallrye-mutiny-vertx-core\3.18.1\smallrye-mutiny-vertx-core-3.18.1.jar;C:\Users\kates\.m2\repository\io\smallrye\reactive\smallrye-mutiny-vertx-runtime\3.18.1\smallrye-mutiny-vertx-runtime-3.18.1.jar;C:\Users\kates\.m2\repository\io\smallrye\reactive\vertx-mutiny-generator\3.18.1\vertx-mutiny-generator-3.18.1.jar;C:\Users\kates\.m2\repository\io\vertx\vertx-codegen\4.5.14\vertx-codegen-4.5.14.jar;C:\Users\kates\.m2\repository\io\quarkus\resteasy\reactive\resteasy-reactive\3.22.3\resteasy-reactive-3.22.3.jar;C:\Users\kates\.m2\repository\io\quarkus\vertx\utils\quarkus-vertx-utils\3.22.3\quarkus-vertx-utils-3.22.3.jar;C:\Users\kates\.m2\repository\jakarta\enterprise\jakarta.enterprise.cdi-api\4.1.0\jakarta.enterprise.cdi-api-4.1.0.jar;C:\Users\kates\.m2\repository\jakarta\enterprise\jakarta.enterprise.lang-model\4.1.0\jakarta.enterprise.lang-model-4.1.0.jar;C:\Users\kates\.m2\repository\jakarta\el\jakarta.el-api\5.0.1\jakarta.el-api-5.0.1.jar;C:\Users\kates\.m2\repository\jakarta\ws\rs\jakarta.ws.rs-api\3.1.0\jakarta.ws.rs-api-3.1.0.jar;C:\Users\kates\.m2\repository\org\jboss\logging\jboss-logging\3.6.1.Final\jboss-logging-3.6.1.Final.jar;C:\Users\kates\.m2\repository\io\quarkus\quarkus-vertx-http\3.22.3\quarkus-vertx-http-3.22.3.jar;C:\Users\kates\.m2\repository\io\quarkus\quarkus-security-runtime-spi\3.22.3\quarkus-security-runtime-spi-3.22.3.jar;C:\Users\kates\.m2\repository\io\quarkus\quarkus-credentials\3.22.3\quarkus-credentials-3.22.3.jar;C:\Users\kates\.m2\repository\io\smallrye\common\smallrye-common-vertx-context\2.12.0\smallrye-common-vertx-context-2.12.0.jar;C:\Users\kates\.m2\repository\io\smallrye\common\smallrye-common-constraint\2.12.0\smallrye-common-constraint-2.12.0.jar;C:\Users\kates\.m2\repository\io\quarkus\security\quarkus-security\2.2.1\quarkus-security-2.2.1.jar;C:\Users\kates\.m2\repository\io\smallrye\reactive\smallrye-mutiny-vertx-web\3.18.1\smallrye-mutiny-vertx-web-3.18.1.jar;C:\Users\kates\.m2\repository\io\smallrye\reactive\smallrye-mutiny-vertx-web-common\3.18.1\smallrye-mutiny-vertx-web-common-3.18.1.jar;C:\Users\kates\.m2\repository\io\smallrye\reactive\smallrye-mutiny-vertx-auth-common\3.18.1\smallrye-mutiny-vertx-auth-common-3.18.1.jar;C:\Users\kates\.m2\repository\io\smallrye\reactive\smallrye-mutiny-vertx-bridge-common\3.18.1\smallrye-mutiny-vertx-bridge-common-3.18.1.jar;C:\Users\kates\.m2\repository\io\smallrye\reactive\smallrye-mutiny-vertx-uri-template\3.18.1\smallrye-mutiny-vertx-uri-template-3.18.1.jar;C:\Users\kates\.m2\repository\io\vertx\vertx-uri-template\4.5.14\vertx-uri-template-4.5.14.jar;C:\Users\kates\.m2\repository\io\github\crac\org-crac\0.1.3\org-crac-0.1.3.jar;C:\Users\kates\.m2\repository\com\aayushatharva\brotli4j\brotli4j\1.16.0\brotli4j-1.16.0.jar;C:\Users\kates\.m2\repository\com\aayushatharva\brotli4j\service\1.16.0\service-1.16.0.jar;C:\Users\kates\.m2\repository\com\aayushatharva\brotli4j\native-windows-x86_64\1.16.0\native-windows-x86_64-1.16.0.jar;C:\Users\kates\.m2\repository\io\quarkus\quarkus-jsonp\3.22.3\quarkus-jsonp-3.22.3.jar;C:\Users\kates\.m2\repository\org\eclipse\parsson\parsson\1.1.7\parsson-1.1.7.jar;C:\Users\kates\.m2\repository\jakarta\json\jakarta.json-api\2.1.3\jakarta.json-api-2.1.3.jar;C:\Users\kates\.m2\repository\io\quarkus\quarkus-virtual-threads\3.22.3\quarkus-virtual-threads-3.22.3.jar;C:\Users\kates\.m2\repository\io\vertx\vertx-core\4.5.14\vertx-core-4.5.14.jar;C:\Users\kates\.m2\repository\io\netty\netty-common\4.1.119.Final\netty-common-4.1.119.Final.jar;C:\Users\kates\.m2\repository\io\netty\netty-buffer\4.1.119.Final\netty-buffer-4.1.119.Final.jar;C:\Users\kates\.m2\repository\io\netty\netty-transport\4.1.119.Final\netty-transport-4.1.119.Final.jar;C:\Users\kates\.m2\repository\io\netty\netty-handler\4.1.119.Final\netty-handler-4.1.119.Final.jar;C:\Users\kates\.m2\repository\io\netty\netty-transport-native-unix-common\4.1.119.Final\netty-transport-native-unix-common-4.1.119.Final.jar;C:\Users\kates\.m2\repository\io\netty\netty-handler-proxy\4.1.119.Final\netty-handler-proxy-4.1.119.Final.jar;C:\Users\kates\.m2\repository\io\netty\netty-codec-socks\4.1.119.Final\netty-codec-socks-4.1.119.Final.jar;C:\Users\kates\.m2\repository\io\netty\netty-codec-http\4.1.119.Final\netty-codec-http-4.1.119.Final.jar;C:\Users\kates\.m2\repository\io\netty\netty-codec-http2\4.1.119.Final\netty-codec-http2-4.1.119.Final.jar;C:\Users\kates\.m2\repository\io\netty\netty-resolver\4.1.119.Final\netty-resolver-4.1.119.Final.jar;C:\Users\kates\.m2\repository\io\netty\netty-resolver-dns\4.1.119.Final\netty-resolver-dns-4.1.119.Final.jar;C:\Users\kates\.m2\repository\io\netty\netty-codec-dns\4.1.119.Final\netty-codec-dns-4.1.119.Final.jar;C:\Users\kates\.m2\repository\com\fasterxml\jackson\core\jackson-core\2.18.3\jackson-core-2.18.3.jar;C:\Users\kates\.m2\repository\io\quarkus\quarkus-rest-client-jackson\3.22.3\quarkus-rest-client-jackson-3.22.3.jar;C:\Users\kates\.m2\repository\io\quarkus\resteasy\reactive\resteasy-reactive-jackson\3.22.3\resteasy-reactive-jackson-3.22.3.jar;C:\Users\kates\.m2\repository\com\fasterxml\jackson\core\jackson-databind\2.18.3\jackson-databind-2.18.3.jar;C:\Users\kates\.m2\repository\com\fasterxml\jackson\core\jackson-annotations\2.18.3\jackson-annotations-2.18.3.jar;C:\Users\kates\.m2\repository\io\quarkus\quarkus-rest-jackson-common\3.22.3\quarkus-rest-jackson-common-3.22.3.jar;C:\Users\kates\.m2\repository\io\quarkus\quarkus-jackson\3.22.3\quarkus-jackson-3.22.3.jar;C:\Users\kates\.m2\repository\com\fasterxml\jackson\module\jackson-module-parameter-names\2.18.3\jackson-module-parameter-names-2.18.3.jar;C:\Users\kates\.m2\repository\io\quarkus\quarkus-rest-client\3.22.3\quarkus-rest-client-3.22.3.jar;C:\Users\kates\.m2\repository\io\quarkus\quarkus-rest-client-jaxrs\3.22.3\quarkus-rest-client-jaxrs-3.22.3.jar;C:\Users\kates\.m2\repository\io\quarkus\resteasy\reactive\resteasy-reactive-client\3.22.3\resteasy-reactive-client-3.22.3.jar;C:\Users\kates\.m2\repository\io\smallrye\stork\stork-api\2.7.3\stork-api-2.7.3.jar;C:\Users\kates\.m2\repository\io\vertx\vertx-web-client\4.5.14\vertx-web-client-4.5.14.jar;C:\Users\kates\.m2\repository\io\quarkus\quarkus-rest-client-config\3.22.3\quarkus-rest-client-config-3.22.3.jar;C:\Users\kates\.m2\repository\io\smallrye\jandex\3.3.1\jandex-3.3.1.jar;C:\Users\kates\.m2\repository\io\quarkus\quarkus-tls-registry\3.22.3\quarkus-tls-registry-3.22.3.jar;C:\Users\kates\.m2\repository\io\quarkus\quarkus-tls-registry-spi\3.22.3\quarkus-tls-registry-spi-3.22.3.jar;C:\Users\kates\.m2\repository\io\smallrye\certs\smallrye-private-key-pem-parser\0.9.2\smallrye-private-key-pem-parser-0.9.2.jar;C:\Users\kates\.m2\repository\org\eclipse\microprofile\rest\client\microprofile-rest-client-api\4.0\microprofile-rest-client-api-4.0.jar;C:\Users\kates\.m2\repository\jakarta\inject\jakarta.inject-api\2.0.1\jakarta.inject-api-2.0.1.jar;C:\Users\kates\.m2\repository\io\quarkus\quarkus-rest-jackson\3.22.3\quarkus-rest-jackson-3.22.3.jar;C:\Users\kates\.m2\repository\io\quarkus\quarkus-hibernate-orm-panache\3.22.3\quarkus-hibernate-orm-panache-3.22.3.jar;C:\Users\kates\.m2\repository\io\quarkus\quarkus-hibernate-orm-panache-common\3.22.3\quarkus-hibernate-orm-panache-common-3.22.3.jar;C:\Users\kates\.m2\repository\io\quarkus\quarkus-panache-hibernate-common\3.22.3\quarkus-panache-hibernate-common-3.22.3.jar;C:\Users\kates\.m2\repository\io\quarkus\quarkus-panache-common\3.22.3\quarkus-panache-common-3.22.3.jar;C:\Users\kates\.m2\repository\io\quarkus\quarkus-jdbc-postgresql\3.22.3\quarkus-jdbc-postgresql-3.22.3.jar;C:\Users\kates\.m2\repository\io\quarkus\quarkus-agroal\3.22.3\quarkus-agroal-3.22.3.jar;C:\Users\kates\.m2\repository\io\quarkus\quarkus-datasource\3.22.3\quarkus-datasource-3.22.3.jar;C:\Users\kates\.m2\repository\io\agroal\agroal-api\2.6\agroal-api-2.6.jar;C:\Users\kates\.m2\repository\io\agroal\agroal-narayana\2.6\agroal-narayana-2.6.jar;C:\Users\kates\.m2\repository\org\jboss\jboss-transaction-spi\8.0.0.Final\jboss-transaction-spi-8.0.0.Final.jar;C:\Users\kates\.m2\repository\io\agroal\agroal-pool\2.6\agroal-pool-2.6.jar;C:\Users\kates\.m2\repository\org\postgresql\postgresql\42.7.5\postgresql-42.7.5.jar;C:\Users\kates\.m2\repository\io\quarkus\quarkus-arc\3.22.3\quarkus-arc-3.22.3.jar;C:\Users\kates\.m2\repository\io\quarkus\arc\arc\3.22.3\arc-3.22.3.jar;C:\Users\kates\.m2\repository\io\smallrye\reactive\mutiny\2.8.0\mutiny-2.8.0.jar;C:\Users\kates\.m2\repository\org\jctools\jctools-core\4.0.5\jctools-core-4.0.5.jar;C:\Users\kates\.m2\repository\io\quarkus\quarkus-core\3.22.3\quarkus-core-3.22.3.jar;C:\Users\kates\.m2\repository\io\smallrye\common\smallrye-common-os\2.12.0\smallrye-common-os-2.12.0.jar;C:\Users\kates\.m2\repository\io\quarkus\quarkus-ide-launcher\3.22.3\quarkus-ide-launcher-3.22.3.jar;C:\Users\kates\.m2\repository\io\quarkus\quarkus-development-mode-spi\3.22.3\quarkus-development-mode-spi-3.22.3.jar;C:\Users\kates\.m2\repository\io\smallrye\config\smallrye-config\3.12.4\smallrye-config-3.12.4.jar;C:\Users\kates\.m2\repository\io\smallrye\config\smallrye-config-core\3.12.4\smallrye-config-core-3.12.4.jar;C:\Users\kates\.m2\repository\io\smallrye\common\smallrye-common-classloader\2.12.0\smallrye-common-classloader-2.12.0.jar;C:\Users\kates\.m2\repository\io\smallrye\config\smallrye-config-common\3.12.4\smallrye-config-common-3.12.4.jar;C:\Users\kates\.m2\repository\org\jboss\logmanager\jboss-logmanager\3.1.2.Final\jboss-logmanager-3.1.2.Final.jar;C:\Users\kates\.m2\repository\io\smallrye\common\smallrye-common-cpu\2.12.0\smallrye-common-cpu-2.12.0.jar;C:\Users\kates\.m2\repository\io\smallrye\common\smallrye-common-expression\2.12.0\smallrye-common-expression-2.12.0.jar;C:\Users\kates\.m2\repository\io\smallrye\common\smallrye-common-net\2.12.0\smallrye-common-net-2.12.0.jar;C:\Users\kates\.m2\repository\io\smallrye\common\smallrye-common-ref\2.12.0\smallrye-common-ref-2.12.0.jar;C:\Users\kates\.m2\repository\org\jboss\threads\jboss-threads\3.8.0.Final\jboss-threads-3.8.0.Final.jar;C:\Users\kates\.m2\repository\io\smallrye\common\smallrye-common-function\2.12.0\smallrye-common-function-2.12.0.jar;C:\Users\kates\.m2\repository\org\slf4j\slf4j-api\2.0.6\slf4j-api-2.0.6.jar;C:\Users\kates\.m2\repository\org\jboss\slf4j\slf4j-jboss-logmanager\2.0.0.Final\slf4j-jboss-logmanager-2.0.0.Final.jar;C:\Users\kates\.m2\repository\org\wildfly\common\wildfly-common\2.0.1\wildfly-common-2.0.1.jar;C:\Users\kates\.m2\repository\io\quarkus\quarkus-bootstrap-runner\3.22.3\quarkus-bootstrap-runner-3.22.3.jar;C:\Users\kates\.m2\repository\io\quarkus\quarkus-fs-util\1.0.0\quarkus-fs-util-1.0.0.jar;C:\Users\kates\.m2\repository\org\eclipse\microprofile\context-propagation\microprofile-context-propagation-api\1.3\microprofile-context-propagation-api-1.3.jar;C:\Users\kates\.m2\repository\io\quarkus\quarkus-hibernate-orm\3.22.3\quarkus-hibernate-orm-3.22.3.jar;C:\Users\kates\.m2\repository\io\quarkus\quarkus-narayana-jta\3.22.3\quarkus-narayana-jta-3.22.3.jar;C:\Users\kates\.m2\repository\io\quarkus\quarkus-transaction-annotations\3.22.3\quarkus-transaction-annotations-3.22.3.jar;C:\Users\kates\.m2\repository\io\quarkus\quarkus-datasource-common\3.22.3\quarkus-datasource-common-3.22.3.jar;C:\Users\kates\.m2\repository\io\smallrye\smallrye-context-propagation-jta\2.2.1\smallrye-context-propagation-jta-2.2.1.jar;C:\Users\kates\.m2\repository\io\smallrye\reactive\smallrye-reactive-converter-api\3.0.3\smallrye-reactive-converter-api-3.0.3.jar;C:\Users\kates\.m2\repository\io\smallrye\reactive\smallrye-reactive-converter-mutiny\3.0.3\smallrye-reactive-converter-mutiny-3.0.3.jar;C:\Users\kates\.m2\repository\io\smallrye\reactive\mutiny-zero-flow-adapters\1.1.1\mutiny-zero-flow-adapters-1.1.1.jar;C:\Users\kates\.m2\repository\org\jboss\narayana\jta\narayana-jta\7.2.2.Final\narayana-jta-7.2.2.Final.jar;C:\Users\kates\.m2\repository\jakarta\resource\jakarta.resource-api\2.1.0\jakarta.resource-api-2.1.0.jar;C:\Users\kates\.m2\repository\org\jboss\invocation\jboss-invocation\2.0.0.Final\jboss-invocation-2.0.0.Final.jar;C:\Users\kates\.m2\repository\org\eclipse\microprofile\reactive-streams-operators\microprofile-reactive-streams-operators-api\3.0.1\microprofile-reactive-streams-operators-api-3.0.1.jar;C:\Users\kates\.m2\repository\org\jboss\narayana\jts\narayana-jts-integration\7.2.2.Final\narayana-jts-integration-7.2.2.Final.jar;C:\Users\kates\.m2\repository\org\hibernate\orm\hibernate-core\6.6.14.Final\hibernate-core-6.6.14.Final.jar;C:\Users\kates\.m2\repository\com\fasterxml\classmate\1.7.0\classmate-1.7.0.jar;C:\Users\kates\.m2\repository\org\antlr\antlr4-runtime\4.13.0\antlr4-runtime-4.13.0.jar;C:\Users\kates\.m2\repository\net\bytebuddy\byte-buddy\1.15.11\byte-buddy-1.15.11.jar;C:\Users\kates\.m2\repository\org\hibernate\common\hibernate-commons-annotations\7.0.3.Final\hibernate-commons-annotations-7.0.3.Final.jar;C:\Users\kates\.m2\repository\org\hibernate\orm\hibernate-graalvm\6.6.14.Final\hibernate-graalvm-6.6.14.Final.jar;C:\Users\kates\.m2\repository\org\glassfish\jaxb\jaxb-runtime\4.0.5\jaxb-runtime-4.0.5.jar;C:\Users\kates\.m2\repository\org\glassfish\jaxb\jaxb-core\4.0.5\jaxb-core-4.0.5.jar;C:\Users\kates\.m2\repository\org\glassfish\jaxb\txw2\4.0.5\txw2-4.0.5.jar;C:\Users\kates\.m2\repository\com\sun\istack\istack-commons-runtime\4.1.2\istack-commons-runtime-4.1.2.jar;C:\Users\kates\.m2\repository\jakarta\xml\bind\jakarta.xml.bind-api\4.0.2\jakarta.xml.bind-api-4.0.2.jar;C:\Users\kates\.m2\repository\jakarta\activation\jakarta.activation-api\2.1.3\jakarta.activation-api-2.1.3.jar;C:\Users\kates\.m2\repository\jakarta\persistence\jakarta.persistence-api\3.1.0\jakarta.persistence-api-3.1.0.jar;C:\Users\kates\.m2\repository\jakarta\transaction\jakarta.transaction-api\2.0.1\jakarta.transaction-api-2.0.1.jar;C:\Users\kates\.m2\repository\org\hibernate\quarkus-local-cache\0.3.1\quarkus-local-cache-0.3.1.jar;C:\Users\kates\.m2\repository\io\quarkus\quarkus-caffeine\3.22.3\quarkus-caffeine-3.22.3.jar;C:\Users\kates\.m2\repository\com\github\ben-manes\caffeine\caffeine\3.2.0\caffeine-3.2.0.jar;C:\Users\kates\.m2\repository\org\jspecify\jspecify\1.0.0\jspecify-1.0.0.jar;C:\Users\kates\.m2\repository\com\google\errorprone\error_prone_annotations\2.37.0\error_prone_annotations-2.37.0.jar;C:\Users\kates\.m2\repository\io\quarkus\quarkus-junit5\3.22.3\quarkus-junit5-3.22.3.jar;C:\Users\kates\.m2\repository\io\quarkus\quarkus-bootstrap-core\3.22.3\quarkus-bootstrap-core-3.22.3.jar;C:\Users\kates\.m2\repository\io\quarkus\quarkus-classloader-commons\3.22.3\quarkus-classloader-commons-3.22.3.jar;C:\Users\kates\.m2\repository\io\quarkus\quarkus-bootstrap-app-model\3.22.3\quarkus-bootstrap-app-model-3.22.3.jar;C:\Users\kates\.m2\repository\io\smallrye\common\smallrye-common-io\2.12.0\smallrye-common-io-2.12.0.jar;C:\Users\kates\.m2\repository\org\eclipse\sisu\org.eclipse.sisu.inject\0.9.0.M3\org.eclipse.sisu.inject-0.9.0.M3.jar;C:\Users\kates\.m2\repository\io\quarkus\quarkus-test-common\3.22.3\quarkus-test-common-3.22.3.jar;C:\Users\kates\.m2\repository\io\quarkus\quarkus-core-deployment\3.22.3\quarkus-core-deployment-3.22.3.jar;C:\Users\kates\.m2\repository\org\aesh\readline\2.6\readline-2.6.jar;C:\Users\kates\.m2\repository\org\fusesource\jansi\jansi\2.4.0\jansi-2.4.0.jar;C:\Users\kates\.m2\repository\org\aesh\aesh\2.8.2\aesh-2.8.2.jar;C:\Users\kates\.m2\repository\io\quarkus\gizmo\gizmo\1.9.0\gizmo-1.9.0.jar;C:\Users\kates\.m2\repository\org\ow2\asm\asm-util\9.8\asm-util-9.8.jar;C:\Users\kates\.m2\repository\org\ow2\asm\asm-analysis\9.8\asm-analysis-9.8.jar;C:\Users\kates\.m2\repository\org\ow2\asm\asm\9.8\asm-9.8.jar;C:\Users\kates\.m2\repository\org\ow2\asm\asm-commons\9.8\asm-commons-9.8.jar;C:\Users\kates\.m2\repository\org\ow2\asm\asm-tree\9.8\asm-tree-9.8.jar;C:\Users\kates\.m2\repository\io\quarkus\quarkus-hibernate-validator-spi\3.22.3\quarkus-hibernate-validator-spi-3.22.3.jar;C:\Users\kates\.m2\repository\io\quarkus\quarkus-class-change-agent\3.22.3\quarkus-class-change-agent-3.22.3.jar;C:\Users\kates\.m2\repository\io\quarkus\quarkus-devtools-utilities\3.22.3\quarkus-devtools-utilities-3.22.3.jar;C:\Users\kates\.m2\repository\io\quarkus\quarkus-builder\3.22.3\quarkus-builder-3.22.3.jar;C:\Users\kates\.m2\repository\org\graalvm\sdk\nativeimage\23.1.2\nativeimage-23.1.2.jar;C:\Users\kates\.m2\repository\org\graalvm\sdk\word\23.1.2\word-23.1.2.jar;C:\Users\kates\.m2\repository\org\junit\platform\junit-platform-launcher\1.12.2\junit-platform-launcher-1.12.2.jar;C:\Users\kates\.m2\repository\io\quarkus\quarkus-bootstrap-maven-resolver\3.22.3\quarkus-bootstrap-maven-resolver-3.22.3.jar;C:\Users\kates\.m2\repository\io\smallrye\beanbag\smallrye-beanbag-maven\1.5.2\smallrye-beanbag-maven-1.5.2.jar;C:\Users\kates\.m2\repository\io\smallrye\beanbag\smallrye-beanbag-sisu\1.5.2\smallrye-beanbag-sisu-1.5.2.jar;C:\Users\kates\.m2\repository\io\smallrye\beanbag\smallrye-beanbag\1.5.2\smallrye-beanbag-1.5.2.jar;C:\Users\kates\.m2\repository\javax\inject\javax.inject\1\javax.inject-1.jar;C:\Users\kates\.m2\repository\org\apache\maven\maven-artifact\3.9.9\maven-artifact-3.9.9.jar;C:\Users\kates\.m2\repository\org\apache\maven\maven-builder-support\3.9.9\maven-builder-support-3.9.9.jar;C:\Users\kates\.m2\repository\org\apache\maven\maven-model\3.9.9\maven-model-3.9.9.jar;C:\Users\kates\.m2\repository\org\apache\maven\maven-model-builder\3.9.9\maven-model-builder-3.9.9.jar;C:\Users\kates\.m2\repository\org\apache\maven\maven-repository-metadata\3.9.9\maven-repository-metadata-3.9.9.jar;C:\Users\kates\.m2\repository\org\apache\maven\maven-settings\3.9.9\maven-settings-3.9.9.jar;C:\Users\kates\.m2\repository\org\apache\maven\resolver\maven-resolver-api\1.9.22\maven-resolver-api-1.9.22.jar;C:\Users\kates\.m2\repository\org\apache\maven\resolver\maven-resolver-impl\1.9.22\maven-resolver-impl-1.9.22.jar;C:\Users\kates\.m2\repository\org\apache\maven\resolver\maven-resolver-named-locks\1.9.22\maven-resolver-named-locks-1.9.22.jar;C:\Users\kates\.m2\repository\org\apache\maven\resolver\maven-resolver-spi\1.9.22\maven-resolver-spi-1.9.22.jar;C:\Users\kates\.m2\repository\org\apache\maven\resolver\maven-resolver-util\1.9.22\maven-resolver-util-1.9.22.jar;C:\Users\kates\.m2\repository\org\apache\maven\resolver\maven-resolver-transport-http\1.9.20\maven-resolver-transport-http-1.9.20.jar;C:\Users\kates\.m2\repository\org\apache\maven\wagon\wagon-provider-api\3.5.3\wagon-provider-api-3.5.3.jar;C:\Users\kates\.m2\repository\org\apache\maven\wagon\wagon-http-shared\3.5.3\wagon-http-shared-3.5.3.jar;C:\Users\kates\.m2\repository\org\codehaus\plexus\plexus-interpolation\1.26\plexus-interpolation-1.26.jar;C:\Users\kates\.m2\repository\org\codehaus\plexus\plexus-utils\3.5.1\plexus-utils-3.5.1.jar;C:\Users\kates\.m2\repository\org\codehaus\plexus\plexus-xml\4.0.1\plexus-xml-4.0.1.jar;C:\Users\kates\.m2\repository\org\apache\maven\maven-xml-impl\4.0.0-alpha-5\maven-xml-impl-4.0.0-alpha-5.jar;C:\Users\kates\.m2\repository\org\apache\maven\maven-api-xml\4.0.0-alpha-5\maven-api-xml-4.0.0-alpha-5.jar;C:\Users\kates\.m2\repository\org\apache\maven\maven-api-meta\4.0.0-alpha-5\maven-api-meta-4.0.0-alpha-5.jar;C:\Users\kates\.m2\repository\org\codehaus\plexus\plexus-cipher\2.0\plexus-cipher-2.0.jar;C:\Users\kates\.m2\repository\org\codehaus\plexus\plexus-sec-dispatcher\2.0\plexus-sec-dispatcher-2.0.jar;C:\Users\kates\.m2\repository\org\apache\maven\maven-embedder\3.9.9\maven-embedder-3.9.9.jar;C:\Users\kates\.m2\repository\org\apache\maven\maven-core\3.9.9\maven-core-3.9.9.jar;C:\Users\kates\.m2\repository\org\codehaus\plexus\plexus-component-annotations\2.1.0\plexus-component-annotations-2.1.0.jar;C:\Users\kates\.m2\repository\org\apache\maven\maven-plugin-api\3.9.9\maven-plugin-api-3.9.9.jar;C:\Users\kates\.m2\repository\org\apache\maven\shared\maven-shared-utils\3.4.2\maven-shared-utils-3.4.2.jar;C:\Users\kates\.m2\repository\com\google\inject\guice\5.1.0\guice-5.1.0.jar;C:\Users\kates\.m2\repository\aopalliance\aopalliance\1.0\aopalliance-1.0.jar;C:\Users\kates\.m2\repository\com\google\guava\guava\33.4.8-jre\guava-33.4.8-jre.jar;C:\Users\kates\.m2\repository\com\google\guava\failureaccess\1.0.1\failureaccess-1.0.1.jar;C:\Users\kates\.m2\repository\javax\annotation\javax.annotation-api\1.3.2\javax.annotation-api-1.3.2.jar;C:\Users\kates\.m2\repository\org\codehaus\plexus\plexus-classworlds\2.6.0\plexus-classworlds-2.6.0.jar;C:\Users\kates\.m2\repository\commons-cli\commons-cli\1.8.0\commons-cli-1.8.0.jar;C:\Users\kates\.m2\repository\org\eclipse\sisu\org.eclipse.sisu.plexus\0.9.0.M3\org.eclipse.sisu.plexus-0.9.0.M3.jar;C:\Users\kates\.m2\repository\org\apache\maven\maven-settings-builder\3.9.9\maven-settings-builder-3.9.9.jar;C:\Users\kates\.m2\repository\org\apache\maven\maven-resolver-provider\3.9.9\maven-resolver-provider-3.9.9.jar;C:\Users\kates\.m2\repository\org\apache\maven\resolver\maven-resolver-connector-basic\1.9.22\maven-resolver-connector-basic-1.9.22.jar;C:\Users\kates\.m2\repository\org\apache\maven\resolver\maven-resolver-transport-wagon\1.9.22\maven-resolver-transport-wagon-1.9.22.jar;C:\Users\kates\.m2\repository\org\apache\maven\wagon\wagon-http\3.5.3\wagon-http-3.5.3.jar;C:\Users\kates\.m2\repository\org\apache\maven\wagon\wagon-file\3.5.3\wagon-file-3.5.3.jar;C:\Users\kates\.m2\repository\io\quarkus\quarkus-bootstrap-gradle-resolver\3.22.3\quarkus-bootstrap-gradle-resolver-3.22.3.jar;C:\Users\kates\.m2\repository\commons-io\commons-io\2.19.0\commons-io-2.19.0.jar;C:\Users\kates\.m2\repository\io\quarkus\quarkus-junit5-config\3.22.3\quarkus-junit5-config-3.22.3.jar;C:\Users\kates\.m2\repository\org\junit\jupiter\junit-jupiter-api\5.12.2\junit-jupiter-api-5.12.2.jar;C:\Users\kates\.m2\repository\org\opentest4j\opentest4j\1.3.0\opentest4j-1.3.0.jar;C:\Users\kates\.m2\repository\org\junit\platform\junit-platform-commons\1.12.2\junit-platform-commons-1.12.2.jar;C:\Users\kates\.m2\repository\org\apiguardian\apiguardian-api\1.1.2\apiguardian-api-1.1.2.jar;C:\Users\kates\.m2\repository\org\junit\jupiter\junit-jupiter\5.12.2\junit-jupiter-5.12.2.jar;C:\Users\kates\.m2\repository\org\junit\jupiter\junit-jupiter-params\5.12.2\junit-jupiter-params-5.12.2.jar;C:\Users\kates\.m2\repository\org\junit\jupiter\junit-jupiter-engine\5.12.2\junit-jupiter-engine-5.12.2.jar;C:\Users\kates\.m2\repository\org\junit\platform\junit-platform-engine\1.12.2\junit-platform-engine-1.12.2.jar;C:\Users\kates\.m2\repository\io\rest-assured\rest-assured\5.5.1\rest-assured-5.5.1.jar;C:\Users\kates\.m2\repository\org\apache\groovy\groovy\4.0.22\groovy-4.0.22.jar;C:\Users\kates\.m2\repository\org\apache\groovy\groovy-xml\4.0.22\groovy-xml-4.0.22.jar;C:\Users\kates\.m2\repository\org\apache\httpcomponents\httpclient\4.5.14\httpclient-4.5.14.jar;C:\Users\kates\.m2\repository\org\apache\httpcomponents\httpcore\4.4.16\httpcore-4.4.16.jar;C:\Users\kates\.m2\repository\commons-codec\commons-codec\1.18.0\commons-codec-1.18.0.jar;C:\Users\kates\.m2\repository\org\apache\httpcomponents\httpmime\4.5.14\httpmime-4.5.14.jar;C:\Users\kates\.m2\repository\org\hamcrest\hamcrest\2.2\hamcrest-2.2.jar;C:\Users\kates\.m2\repository\org\ccil\cowan\tagsoup\tagsoup\1.2.1\tagsoup-1.2.1.jar;C:\Users\kates\.m2\repository\io\rest-assured\json-path\5.5.1\json-path-5.5.1.jar;C:\Users\kates\.m2\repository\org\apache\groovy\groovy-json\4.0.22\groovy-json-4.0.22.jar;C:\Users\kates\.m2\repository\io\rest-assured\rest-assured-common\5.5.1\rest-assured-common-5.5.1.jar;C:\Users\kates\.m2\repository\io\rest-assured\xml-path\5.5.1\xml-path-5.5.1.jar;C:\Users\kates\.m2\repository\org\apache\commons\commons-lang3\3.17.0\commons-lang3-3.17.0.jar;C:\Users\kates\.m2\repository\org\projectlombok\lombok\1.18.38\lombok-1.18.38.jar;C:\Users\kates\.m2\repository\io\quarkus\quarkus-oidc\3.22.3\quarkus-oidc-3.22.3.jar;C:\Users\kates\.m2\repository\io\quarkus\quarkus-vertx\3.22.3\quarkus-vertx-3.22.3.jar;C:\Users\kates\.m2\repository\io\quarkus\quarkus-netty\3.22.3\quarkus-netty-3.22.3.jar;C:\Users\kates\.m2\repository\io\netty\netty-codec\4.1.119.Final\netty-codec-4.1.119.Final.jar;C:\Users\kates\.m2\repository\io\netty\netty-codec-haproxy\4.1.119.Final\netty-codec-haproxy-4.1.119.Final.jar;C:\Users\kates\.m2\repository\io\smallrye\common\smallrye-common-annotation\2.12.0\smallrye-common-annotation-2.12.0.jar;C:\Users\kates\.m2\repository\io\quarkus\quarkus-vertx-latebound-mdc-provider\3.22.3\quarkus-vertx-latebound-mdc-provider-3.22.3.jar;C:\Users\kates\.m2\repository\io\smallrye\smallrye-fault-tolerance-vertx\6.9.1\smallrye-fault-tolerance-vertx-6.9.1.jar;C:\Users\kates\.m2\repository\io\quarkus\quarkus-security\3.22.3\quarkus-security-3.22.3.jar;C:\Users\kates\.m2\repository\jakarta\interceptor\jakarta.interceptor-api\2.2.0\jakarta.interceptor-api-2.2.0.jar;C:\Users\kates\.m2\repository\io\quarkus\quarkus-oidc-common\3.22.3\quarkus-oidc-common-3.22.3.jar;C:\Users\kates\.m2\repository\io\smallrye\reactive\smallrye-mutiny-vertx-web-client\3.18.1\smallrye-mutiny-vertx-web-client-3.18.1.jar;C:\Users\kates\.m2\repository\io\quarkus\quarkus-smallrye-jwt-build\3.22.3\quarkus-smallrye-jwt-build-3.22.3.jar;C:\Users\kates\.m2\repository\io\smallrye\smallrye-jwt-build\4.6.1\smallrye-jwt-build-4.6.1.jar;C:\Users\kates\.m2\repository\io\smallrye\smallrye-jwt\4.6.1\smallrye-jwt-4.6.1.jar;C:\Users\kates\.m2\repository\org\eclipse\microprofile\config\microprofile-config-api\3.1\microprofile-config-api-3.1.jar;C:\Users\kates\.m2\repository\org\eclipse\microprofile\jwt\microprofile-jwt-auth-api\2.1\microprofile-jwt-auth-api-2.1.jar;C:\Users\kates\.m2\repository\org\bitbucket\b_c\jose4j\0.9.6\jose4j-0.9.6.jar;C:\Users\kates\.m2\repository\io\smallrye\smallrye-jwt-common\4.6.1\smallrye-jwt-common-4.6.1.jar;C:\Users\kates\.m2\repository\jakarta\annotation\jakarta.annotation-api\3.0.0\jakarta.annotation-api-3.0.0.jar;C:\Users\kates\.m2\repository\io\quarkus\quarkus-keycloak-authorization\3.22.3\quarkus-keycloak-authorization-3.22.3.jar;C:\Users\kates\.m2\repository\org\keycloak\keycloak-policy-enforcer\26.0.4\keycloak-policy-enforcer-26.0.4.jar;C:\Users\kates\.m2\repository\org\keycloak\keycloak-client-common-synced\26.0.4\keycloak-client-common-synced-26.0.4.jar;C:\Users\kates\.m2\repository\org\eclipse\angus\angus-activation\2.0.2\angus-activation-2.0.2.jar;C:\Users\kates\.m2\repository\org\keycloak\keycloak-authz-client\26.0.4\keycloak-authz-client-26.0.4.jar;C:\Users\kates\.m2\repository\com\fasterxml\jackson\datatype\jackson-datatype-jdk8\2.18.3\jackson-datatype-jdk8-2.18.3.jar;C:\Users\kates\.m2\repository\com\fasterxml\jackson\datatype\jackson-datatype-jsr310\2.18.3\jackson-datatype-jsr310-2.18.3.jar;C:\Users\kates\.m2\repository\org\eclipse\microprofile\openapi\microprofile-openapi-api\4.0.2\microprofile-openapi-api-4.0.2.jar;C:\Users\kates\.m2\repository\io\quarkus\quarkus-apache-httpclient\3.22.3\quarkus-apache-httpclient-3.22.3.jar;C:\Users\kates\.m2\repository\org\jboss\logging\commons-logging-jboss-logging\1.0.0.Final\commons-logging-jboss-logging-1.0.0.Final.jar;"/>
    <property name="java.vm.vendor" value="Oracle Corporation"/>
    <property name="sun.arch.data.model" value="64"/>
    <property name="user.variant" value=""/>
    <property name="java.vendor.url" value="https://java.oracle.com/"/>
    <property name="user.timezone" value="America/Sao_Paulo"/>
    <property name="logging.initial-configurator.min-level" value="500"/>
    <property name="os.name" value="Windows 10"/>
    <property name="java.vm.specification.version" value="21"/>
    <property name="sun.java.launcher" value="SUN_STANDARD"/>
    <property name="user.country" value="BR"/>
    <property name="groovy.use.classvalue" value="false"/>
    <property name="sun.boot.library.path" value="C:\Program Files\Java\jdk-21\bin"/>
    <property name="sun.java.command" value="C:\Users\kates\AppData\Local\Temp\surefire18393619400700128563\surefirebooter-20250616173656439_3.jar C:\Users\kates\AppData\Local\Temp\surefire18393619400700128563 2025-06-16T17-36-55_884-jvmRun1 surefire-20250616173656439_1tmp surefire_0-20250616173656439_2tmp"/>
    <property name="jdk.debug" value="release"/>
    <property name="maven.home" value="C:\Program Files\Apache\Maven\apache-maven-3.9.9"/>
    <property name="surefire.test.class.path" value="C:\Users\kates\OneDrive\Área de Trabalho\algoritmos\Udemy\Projeto de software\job-interest-service\jobsInterest\target\test-classes;C:\Users\kates\OneDrive\Área de Trabalho\algoritmos\Udemy\Projeto de software\job-interest-service\jobsInterest\target\classes;C:\Users\kates\.m2\repository\io\quarkus\quarkus-rest\3.22.3\quarkus-rest-3.22.3.jar;C:\Users\kates\.m2\repository\io\quarkus\quarkus-rest-common\3.22.3\quarkus-rest-common-3.22.3.jar;C:\Users\kates\.m2\repository\io\quarkus\resteasy\reactive\resteasy-reactive-common\3.22.3\resteasy-reactive-common-3.22.3.jar;C:\Users\kates\.m2\repository\io\quarkus\resteasy\reactive\resteasy-reactive-common-types\3.22.3\resteasy-reactive-common-types-3.22.3.jar;C:\Users\kates\.m2\repository\org\reactivestreams\reactive-streams\1.0.4\reactive-streams-1.0.4.jar;C:\Users\kates\.m2\repository\io\quarkus\quarkus-mutiny\3.22.3\quarkus-mutiny-3.22.3.jar;C:\Users\kates\.m2\repository\io\quarkus\quarkus-smallrye-context-propagation\3.22.3\quarkus-smallrye-context-propagation-3.22.3.jar;C:\Users\kates\.m2\repository\io\smallrye\smallrye-context-propagation\2.2.1\smallrye-context-propagation-2.2.1.jar;C:\Users\kates\.m2\repository\io\smallrye\smallrye-context-propagation-api\2.2.1\smallrye-context-propagation-api-2.2.1.jar;C:\Users\kates\.m2\repository\io\smallrye\smallrye-context-propagation-storage\2.2.1\smallrye-context-propagation-storage-2.2.1.jar;C:\Users\kates\.m2\repository\io\smallrye\reactive\mutiny-smallrye-context-propagation\2.8.0\mutiny-smallrye-context-propagation-2.8.0.jar;C:\Users\kates\.m2\repository\io\quarkus\resteasy\reactive\resteasy-reactive-vertx\3.22.3\resteasy-reactive-vertx-3.22.3.jar;C:\Users\kates\.m2\repository\io\vertx\vertx-web\4.5.14\vertx-web-4.5.14.jar;C:\Users\kates\.m2\repository\io\vertx\vertx-web-common\4.5.14\vertx-web-common-4.5.14.jar;C:\Users\kates\.m2\repository\io\vertx\vertx-auth-common\4.5.14\vertx-auth-common-4.5.14.jar;C:\Users\kates\.m2\repository\io\vertx\vertx-bridge-common\4.5.14\vertx-bridge-common-4.5.14.jar;C:\Users\kates\.m2\repository\io\smallrye\reactive\smallrye-mutiny-vertx-core\3.18.1\smallrye-mutiny-vertx-core-3.18.1.jar;C:\Users\kates\.m2\repository\io\smallrye\reactive\smallrye-mutiny-vertx-runtime\3.18.1\smallrye-mutiny-vertx-runtime-3.18.1.jar;C:\Users\kates\.m2\repository\io\smallrye\reactive\vertx-mutiny-generator\3.18.1\vertx-mutiny-generator-3.18.1.jar;C:\Users\kates\.m2\repository\io\vertx\vertx-codegen\4.5.14\vertx-codegen-4.5.14.jar;C:\Users\kates\.m2\repository\io\quarkus\resteasy\reactive\resteasy-reactive\3.22.3\resteasy-reactive-3.22.3.jar;C:\Users\kates\.m2\repository\io\quarkus\vertx\utils\quarkus-vertx-utils\3.22.3\quarkus-vertx-utils-3.22.3.jar;C:\Users\kates\.m2\repository\jakarta\enterprise\jakarta.enterprise.cdi-api\4.1.0\jakarta.enterprise.cdi-api-4.1.0.jar;C:\Users\kates\.m2\repository\jakarta\enterprise\jakarta.enterprise.lang-model\4.1.0\jakarta.enterprise.lang-model-4.1.0.jar;C:\Users\kates\.m2\repository\jakarta\el\jakarta.el-api\5.0.1\jakarta.el-api-5.0.1.jar;C:\Users\kates\.m2\repository\jakarta\ws\rs\jakarta.ws.rs-api\3.1.0\jakarta.ws.rs-api-3.1.0.jar;C:\Users\kates\.m2\repository\org\jboss\logging\jboss-logging\3.6.1.Final\jboss-logging-3.6.1.Final.jar;C:\Users\kates\.m2\repository\io\quarkus\quarkus-vertx-http\3.22.3\quarkus-vertx-http-3.22.3.jar;C:\Users\kates\.m2\repository\io\quarkus\quarkus-security-runtime-spi\3.22.3\quarkus-security-runtime-spi-3.22.3.jar;C:\Users\kates\.m2\repository\io\quarkus\quarkus-credentials\3.22.3\quarkus-credentials-3.22.3.jar;C:\Users\kates\.m2\repository\io\smallrye\common\smallrye-common-vertx-context\2.12.0\smallrye-common-vertx-context-2.12.0.jar;C:\Users\kates\.m2\repository\io\smallrye\common\smallrye-common-constraint\2.12.0\smallrye-common-constraint-2.12.0.jar;C:\Users\kates\.m2\repository\io\quarkus\security\quarkus-security\2.2.1\quarkus-security-2.2.1.jar;C:\Users\kates\.m2\repository\io\smallrye\reactive\smallrye-mutiny-vertx-web\3.18.1\smallrye-mutiny-vertx-web-3.18.1.jar;C:\Users\kates\.m2\repository\io\smallrye\reactive\smallrye-mutiny-vertx-web-common\3.18.1\smallrye-mutiny-vertx-web-common-3.18.1.jar;C:\Users\kates\.m2\repository\io\smallrye\reactive\smallrye-mutiny-vertx-auth-common\3.18.1\smallrye-mutiny-vertx-auth-common-3.18.1.jar;C:\Users\kates\.m2\repository\io\smallrye\reactive\smallrye-mutiny-vertx-bridge-common\3.18.1\smallrye-mutiny-vertx-bridge-common-3.18.1.jar;C:\Users\kates\.m2\repository\io\smallrye\reactive\smallrye-mutiny-vertx-uri-template\3.18.1\smallrye-mutiny-vertx-uri-template-3.18.1.jar;C:\Users\kates\.m2\repository\io\vertx\vertx-uri-template\4.5.14\vertx-uri-template-4.5.14.jar;C:\Users\kates\.m2\repository\io\github\crac\org-crac\0.1.3\org-crac-0.1.3.jar;C:\Users\kates\.m2\repository\com\aayushatharva\brotli4j\brotli4j\1.16.0\brotli4j-1.16.0.jar;C:\Users\kates\.m2\repository\com\aayushatharva\brotli4j\service\1.16.0\service-1.16.0.jar;C:\Users\kates\.m2\repository\com\aayushatharva\brotli4j\native-windows-x86_64\1.16.0\native-windows-x86_64-1.16.0.jar;C:\Users\kates\.m2\repository\io\quarkus\quarkus-jsonp\3.22.3\quarkus-jsonp-3.22.3.jar;C:\Users\kates\.m2\repository\org\eclipse\parsson\parsson\1.1.7\parsson-1.1.7.jar;C:\Users\kates\.m2\repository\jakarta\json\jakarta.json-api\2.1.3\jakarta.json-api-2.1.3.jar;C:\Users\kates\.m2\repository\io\quarkus\quarkus-virtual-threads\3.22.3\quarkus-virtual-threads-3.22.3.jar;C:\Users\kates\.m2\repository\io\vertx\vertx-core\4.5.14\vertx-core-4.5.14.jar;C:\Users\kates\.m2\repository\io\netty\netty-common\4.1.119.Final\netty-common-4.1.119.Final.jar;C:\Users\kates\.m2\repository\io\netty\netty-buffer\4.1.119.Final\netty-buffer-4.1.119.Final.jar;C:\Users\kates\.m2\repository\io\netty\netty-transport\4.1.119.Final\netty-transport-4.1.119.Final.jar;C:\Users\kates\.m2\repository\io\netty\netty-handler\4.1.119.Final\netty-handler-4.1.119.Final.jar;C:\Users\kates\.m2\repository\io\netty\netty-transport-native-unix-common\4.1.119.Final\netty-transport-native-unix-common-4.1.119.Final.jar;C:\Users\kates\.m2\repository\io\netty\netty-handler-proxy\4.1.119.Final\netty-handler-proxy-4.1.119.Final.jar;C:\Users\kates\.m2\repository\io\netty\netty-codec-socks\4.1.119.Final\netty-codec-socks-4.1.119.Final.jar;C:\Users\kates\.m2\repository\io\netty\netty-codec-http\4.1.119.Final\netty-codec-http-4.1.119.Final.jar;C:\Users\kates\.m2\repository\io\netty\netty-codec-http2\4.1.119.Final\netty-codec-http2-4.1.119.Final.jar;C:\Users\kates\.m2\repository\io\netty\netty-resolver\4.1.119.Final\netty-resolver-4.1.119.Final.jar;C:\Users\kates\.m2\repository\io\netty\netty-resolver-dns\4.1.119.Final\netty-resolver-dns-4.1.119.Final.jar;C:\Users\kates\.m2\repository\io\netty\netty-codec-dns\4.1.119.Final\netty-codec-dns-4.1.119.Final.jar;C:\Users\kates\.m2\repository\com\fasterxml\jackson\core\jackson-core\2.18.3\jackson-core-2.18.3.jar;C:\Users\kates\.m2\repository\io\quarkus\quarkus-rest-client-jackson\3.22.3\quarkus-rest-client-jackson-3.22.3.jar;C:\Users\kates\.m2\repository\io\quarkus\resteasy\reactive\resteasy-reactive-jackson\3.22.3\resteasy-reactive-jackson-3.22.3.jar;C:\Users\kates\.m2\repository\com\fasterxml\jackson\core\jackson-databind\2.18.3\jackson-databind-2.18.3.jar;C:\Users\kates\.m2\repository\com\fasterxml\jackson\core\jackson-annotations\2.18.3\jackson-annotations-2.18.3.jar;C:\Users\kates\.m2\repository\io\quarkus\quarkus-rest-jackson-common\3.22.3\quarkus-rest-jackson-common-3.22.3.jar;C:\Users\kates\.m2\repository\io\quarkus\quarkus-jackson\3.22.3\quarkus-jackson-3.22.3.jar;C:\Users\kates\.m2\repository\com\fasterxml\jackson\module\jackson-module-parameter-names\2.18.3\jackson-module-parameter-names-2.18.3.jar;C:\Users\kates\.m2\repository\io\quarkus\quarkus-rest-client\3.22.3\quarkus-rest-client-3.22.3.jar;C:\Users\kates\.m2\repository\io\quarkus\quarkus-rest-client-jaxrs\3.22.3\quarkus-rest-client-jaxrs-3.22.3.jar;C:\Users\kates\.m2\repository\io\quarkus\resteasy\reactive\resteasy-reactive-client\3.22.3\resteasy-reactive-client-3.22.3.jar;C:\Users\kates\.m2\repository\io\smallrye\stork\stork-api\2.7.3\stork-api-2.7.3.jar;C:\Users\kates\.m2\repository\io\vertx\vertx-web-client\4.5.14\vertx-web-client-4.5.14.jar;C:\Users\kates\.m2\repository\io\quarkus\quarkus-rest-client-config\3.22.3\quarkus-rest-client-config-3.22.3.jar;C:\Users\kates\.m2\repository\io\smallrye\jandex\3.3.1\jandex-3.3.1.jar;C:\Users\kates\.m2\repository\io\quarkus\quarkus-tls-registry\3.22.3\quarkus-tls-registry-3.22.3.jar;C:\Users\kates\.m2\repository\io\quarkus\quarkus-tls-registry-spi\3.22.3\quarkus-tls-registry-spi-3.22.3.jar;C:\Users\kates\.m2\repository\io\smallrye\certs\smallrye-private-key-pem-parser\0.9.2\smallrye-private-key-pem-parser-0.9.2.jar;C:\Users\kates\.m2\repository\org\eclipse\microprofile\rest\client\microprofile-rest-client-api\4.0\microprofile-rest-client-api-4.0.jar;C:\Users\kates\.m2\repository\jakarta\inject\jakarta.inject-api\2.0.1\jakarta.inject-api-2.0.1.jar;C:\Users\kates\.m2\repository\io\quarkus\quarkus-rest-jackson\3.22.3\quarkus-rest-jackson-3.22.3.jar;C:\Users\kates\.m2\repository\io\quarkus\quarkus-hibernate-orm-panache\3.22.3\quarkus-hibernate-orm-panache-3.22.3.jar;C:\Users\kates\.m2\repository\io\quarkus\quarkus-hibernate-orm-panache-common\3.22.3\quarkus-hibernate-orm-panache-common-3.22.3.jar;C:\Users\kates\.m2\repository\io\quarkus\quarkus-panache-hibernate-common\3.22.3\quarkus-panache-hibernate-common-3.22.3.jar;C:\Users\kates\.m2\repository\io\quarkus\quarkus-panache-common\3.22.3\quarkus-panache-common-3.22.3.jar;C:\Users\kates\.m2\repository\io\quarkus\quarkus-jdbc-postgresql\3.22.3\quarkus-jdbc-postgresql-3.22.3.jar;C:\Users\kates\.m2\repository\io\quarkus\quarkus-agroal\3.22.3\quarkus-agroal-3.22.3.jar;C:\Users\kates\.m2\repository\io\quarkus\quarkus-datasource\3.22.3\quarkus-datasource-3.22.3.jar;C:\Users\kates\.m2\repository\io\agroal\agroal-api\2.6\agroal-api-2.6.jar;C:\Users\kates\.m2\repository\io\agroal\agroal-narayana\2.6\agroal-narayana-2.6.jar;C:\Users\kates\.m2\repository\org\jboss\jboss-transaction-spi\8.0.0.Final\jboss-transaction-spi-8.0.0.Final.jar;C:\Users\kates\.m2\repository\io\agroal\agroal-pool\2.6\agroal-pool-2.6.jar;C:\Users\kates\.m2\repository\org\postgresql\postgresql\42.7.5\postgresql-42.7.5.jar;C:\Users\kates\.m2\repository\io\quarkus\quarkus-arc\3.22.3\quarkus-arc-3.22.3.jar;C:\Users\kates\.m2\repository\io\quarkus\arc\arc\3.22.3\arc-3.22.3.jar;C:\Users\kates\.m2\repository\io\smallrye\reactive\mutiny\2.8.0\mutiny-2.8.0.jar;C:\Users\kates\.m2\repository\org\jctools\jctools-core\4.0.5\jctools-core-4.0.5.jar;C:\Users\kates\.m2\repository\io\quarkus\quarkus-core\3.22.3\quarkus-core-3.22.3.jar;C:\Users\kates\.m2\repository\io\smallrye\common\smallrye-common-os\2.12.0\smallrye-common-os-2.12.0.jar;C:\Users\kates\.m2\repository\io\quarkus\quarkus-ide-launcher\3.22.3\quarkus-ide-launcher-3.22.3.jar;C:\Users\kates\.m2\repository\io\quarkus\quarkus-development-mode-spi\3.22.3\quarkus-development-mode-spi-3.22.3.jar;C:\Users\kates\.m2\repository\io\smallrye\config\smallrye-config\3.12.4\smallrye-config-3.12.4.jar;C:\Users\kates\.m2\repository\io\smallrye\config\smallrye-config-core\3.12.4\smallrye-config-core-3.12.4.jar;C:\Users\kates\.m2\repository\io\smallrye\common\smallrye-common-classloader\2.12.0\smallrye-common-classloader-2.12.0.jar;C:\Users\kates\.m2\repository\io\smallrye\config\smallrye-config-common\3.12.4\smallrye-config-common-3.12.4.jar;C:\Users\kates\.m2\repository\org\jboss\logmanager\jboss-logmanager\3.1.2.Final\jboss-logmanager-3.1.2.Final.jar;C:\Users\kates\.m2\repository\io\smallrye\common\smallrye-common-cpu\2.12.0\smallrye-common-cpu-2.12.0.jar;C:\Users\kates\.m2\repository\io\smallrye\common\smallrye-common-expression\2.12.0\smallrye-common-expression-2.12.0.jar;C:\Users\kates\.m2\repository\io\smallrye\common\smallrye-common-net\2.12.0\smallrye-common-net-2.12.0.jar;C:\Users\kates\.m2\repository\io\smallrye\common\smallrye-common-ref\2.12.0\smallrye-common-ref-2.12.0.jar;C:\Users\kates\.m2\repository\org\jboss\threads\jboss-threads\3.8.0.Final\jboss-threads-3.8.0.Final.jar;C:\Users\kates\.m2\repository\io\smallrye\common\smallrye-common-function\2.12.0\smallrye-common-function-2.12.0.jar;C:\Users\kates\.m2\repository\org\slf4j\slf4j-api\2.0.6\slf4j-api-2.0.6.jar;C:\Users\kates\.m2\repository\org\jboss\slf4j\slf4j-jboss-logmanager\2.0.0.Final\slf4j-jboss-logmanager-2.0.0.Final.jar;C:\Users\kates\.m2\repository\org\wildfly\common\wildfly-common\2.0.1\wildfly-common-2.0.1.jar;C:\Users\kates\.m2\repository\io\quarkus\quarkus-bootstrap-runner\3.22.3\quarkus-bootstrap-runner-3.22.3.jar;C:\Users\kates\.m2\repository\io\quarkus\quarkus-fs-util\1.0.0\quarkus-fs-util-1.0.0.jar;C:\Users\kates\.m2\repository\org\eclipse\microprofile\context-propagation\microprofile-context-propagation-api\1.3\microprofile-context-propagation-api-1.3.jar;C:\Users\kates\.m2\repository\io\quarkus\quarkus-hibernate-orm\3.22.3\quarkus-hibernate-orm-3.22.3.jar;C:\Users\kates\.m2\repository\io\quarkus\quarkus-narayana-jta\3.22.3\quarkus-narayana-jta-3.22.3.jar;C:\Users\kates\.m2\repository\io\quarkus\quarkus-transaction-annotations\3.22.3\quarkus-transaction-annotations-3.22.3.jar;C:\Users\kates\.m2\repository\io\quarkus\quarkus-datasource-common\3.22.3\quarkus-datasource-common-3.22.3.jar;C:\Users\kates\.m2\repository\io\smallrye\smallrye-context-propagation-jta\2.2.1\smallrye-context-propagation-jta-2.2.1.jar;C:\Users\kates\.m2\repository\io\smallrye\reactive\smallrye-reactive-converter-api\3.0.3\smallrye-reactive-converter-api-3.0.3.jar;C:\Users\kates\.m2\repository\io\smallrye\reactive\smallrye-reactive-converter-mutiny\3.0.3\smallrye-reactive-converter-mutiny-3.0.3.jar;C:\Users\kates\.m2\repository\io\smallrye\reactive\mutiny-zero-flow-adapters\1.1.1\mutiny-zero-flow-adapters-1.1.1.jar;C:\Users\kates\.m2\repository\org\jboss\narayana\jta\narayana-jta\7.2.2.Final\narayana-jta-7.2.2.Final.jar;C:\Users\kates\.m2\repository\jakarta\resource\jakarta.resource-api\2.1.0\jakarta.resource-api-2.1.0.jar;C:\Users\kates\.m2\repository\org\jboss\invocation\jboss-invocation\2.0.0.Final\jboss-invocation-2.0.0.Final.jar;C:\Users\kates\.m2\repository\org\eclipse\microprofile\reactive-streams-operators\microprofile-reactive-streams-operators-api\3.0.1\microprofile-reactive-streams-operators-api-3.0.1.jar;C:\Users\kates\.m2\repository\org\jboss\narayana\jts\narayana-jts-integration\7.2.2.Final\narayana-jts-integration-7.2.2.Final.jar;C:\Users\kates\.m2\repository\org\hibernate\orm\hibernate-core\6.6.14.Final\hibernate-core-6.6.14.Final.jar;C:\Users\kates\.m2\repository\com\fasterxml\classmate\1.7.0\classmate-1.7.0.jar;C:\Users\kates\.m2\repository\org\antlr\antlr4-runtime\4.13.0\antlr4-runtime-4.13.0.jar;C:\Users\kates\.m2\repository\net\bytebuddy\byte-buddy\1.15.11\byte-buddy-1.15.11.jar;C:\Users\kates\.m2\repository\org\hibernate\common\hibernate-commons-annotations\7.0.3.Final\hibernate-commons-annotations-7.0.3.Final.jar;C:\Users\kates\.m2\repository\org\hibernate\orm\hibernate-graalvm\6.6.14.Final\hibernate-graalvm-6.6.14.Final.jar;C:\Users\kates\.m2\repository\org\glassfish\jaxb\jaxb-runtime\4.0.5\jaxb-runtime-4.0.5.jar;C:\Users\kates\.m2\repository\org\glassfish\jaxb\jaxb-core\4.0.5\jaxb-core-4.0.5.jar;C:\Users\kates\.m2\repository\org\glassfish\jaxb\txw2\4.0.5\txw2-4.0.5.jar;C:\Users\kates\.m2\repository\com\sun\istack\istack-commons-runtime\4.1.2\istack-commons-runtime-4.1.2.jar;C:\Users\kates\.m2\repository\jakarta\xml\bind\jakarta.xml.bind-api\4.0.2\jakarta.xml.bind-api-4.0.2.jar;C:\Users\kates\.m2\repository\jakarta\activation\jakarta.activation-api\2.1.3\jakarta.activation-api-2.1.3.jar;C:\Users\kates\.m2\repository\jakarta\persistence\jakarta.persistence-api\3.1.0\jakarta.persistence-api-3.1.0.jar;C:\Users\kates\.m2\repository\jakarta\transaction\jakarta.transaction-api\2.0.1\jakarta.transaction-api-2.0.1.jar;C:\Users\kates\.m2\repository\org\hibernate\quarkus-local-cache\0.3.1\quarkus-local-cache-0.3.1.jar;C:\Users\kates\.m2\repository\io\quarkus\quarkus-caffeine\3.22.3\quarkus-caffeine-3.22.3.jar;C:\Users\kates\.m2\repository\com\github\ben-manes\caffeine\caffeine\3.2.0\caffeine-3.2.0.jar;C:\Users\kates\.m2\repository\org\jspecify\jspecify\1.0.0\jspecify-1.0.0.jar;C:\Users\kates\.m2\repository\com\google\errorprone\error_prone_annotations\2.37.0\error_prone_annotations-2.37.0.jar;C:\Users\kates\.m2\repository\io\quarkus\quarkus-junit5\3.22.3\quarkus-junit5-3.22.3.jar;C:\Users\kates\.m2\repository\io\quarkus\quarkus-bootstrap-core\3.22.3\quarkus-bootstrap-core-3.22.3.jar;C:\Users\kates\.m2\repository\io\quarkus\quarkus-classloader-commons\3.22.3\quarkus-classloader-commons-3.22.3.jar;C:\Users\kates\.m2\repository\io\quarkus\quarkus-bootstrap-app-model\3.22.3\quarkus-bootstrap-app-model-3.22.3.jar;C:\Users\kates\.m2\repository\io\smallrye\common\smallrye-common-io\2.12.0\smallrye-common-io-2.12.0.jar;C:\Users\kates\.m2\repository\org\eclipse\sisu\org.eclipse.sisu.inject\0.9.0.M3\org.eclipse.sisu.inject-0.9.0.M3.jar;C:\Users\kates\.m2\repository\io\quarkus\quarkus-test-common\3.22.3\quarkus-test-common-3.22.3.jar;C:\Users\kates\.m2\repository\io\quarkus\quarkus-core-deployment\3.22.3\quarkus-core-deployment-3.22.3.jar;C:\Users\kates\.m2\repository\org\aesh\readline\2.6\readline-2.6.jar;C:\Users\kates\.m2\repository\org\fusesource\jansi\jansi\2.4.0\jansi-2.4.0.jar;C:\Users\kates\.m2\repository\org\aesh\aesh\2.8.2\aesh-2.8.2.jar;C:\Users\kates\.m2\repository\io\quarkus\gizmo\gizmo\1.9.0\gizmo-1.9.0.jar;C:\Users\kates\.m2\repository\org\ow2\asm\asm-util\9.8\asm-util-9.8.jar;C:\Users\kates\.m2\repository\org\ow2\asm\asm-analysis\9.8\asm-analysis-9.8.jar;C:\Users\kates\.m2\repository\org\ow2\asm\asm\9.8\asm-9.8.jar;C:\Users\kates\.m2\repository\org\ow2\asm\asm-commons\9.8\asm-commons-9.8.jar;C:\Users\kates\.m2\repository\org\ow2\asm\asm-tree\9.8\asm-tree-9.8.jar;C:\Users\kates\.m2\repository\io\quarkus\quarkus-hibernate-validator-spi\3.22.3\quarkus-hibernate-validator-spi-3.22.3.jar;C:\Users\kates\.m2\repository\io\quarkus\quarkus-class-change-agent\3.22.3\quarkus-class-change-agent-3.22.3.jar;C:\Users\kates\.m2\repository\io\quarkus\quarkus-devtools-utilities\3.22.3\quarkus-devtools-utilities-3.22.3.jar;C:\Users\kates\.m2\repository\io\quarkus\quarkus-builder\3.22.3\quarkus-builder-3.22.3.jar;C:\Users\kates\.m2\repository\org\graalvm\sdk\nativeimage\23.1.2\nativeimage-23.1.2.jar;C:\Users\kates\.m2\repository\org\graalvm\sdk\word\23.1.2\word-23.1.2.jar;C:\Users\kates\.m2\repository\org\junit\platform\junit-platform-launcher\1.12.2\junit-platform-launcher-1.12.2.jar;C:\Users\kates\.m2\repository\io\quarkus\quarkus-bootstrap-maven-resolver\3.22.3\quarkus-bootstrap-maven-resolver-3.22.3.jar;C:\Users\kates\.m2\repository\io\smallrye\beanbag\smallrye-beanbag-maven\1.5.2\smallrye-beanbag-maven-1.5.2.jar;C:\Users\kates\.m2\repository\io\smallrye\beanbag\smallrye-beanbag-sisu\1.5.2\smallrye-beanbag-sisu-1.5.2.jar;C:\Users\kates\.m2\repository\io\smallrye\beanbag\smallrye-beanbag\1.5.2\smallrye-beanbag-1.5.2.jar;C:\Users\kates\.m2\repository\javax\inject\javax.inject\1\javax.inject-1.jar;C:\Users\kates\.m2\repository\org\apache\maven\maven-artifact\3.9.9\maven-artifact-3.9.9.jar;C:\Users\kates\.m2\repository\org\apache\maven\maven-builder-support\3.9.9\maven-builder-support-3.9.9.jar;C:\Users\kates\.m2\repository\org\apache\maven\maven-model\3.9.9\maven-model-3.9.9.jar;C:\Users\kates\.m2\repository\org\apache\maven\maven-model-builder\3.9.9\maven-model-builder-3.9.9.jar;C:\Users\kates\.m2\repository\org\apache\maven\maven-repository-metadata\3.9.9\maven-repository-metadata-3.9.9.jar;C:\Users\kates\.m2\repository\org\apache\maven\maven-settings\3.9.9\maven-settings-3.9.9.jar;C:\Users\kates\.m2\repository\org\apache\maven\resolver\maven-resolver-api\1.9.22\maven-resolver-api-1.9.22.jar;C:\Users\kates\.m2\repository\org\apache\maven\resolver\maven-resolver-impl\1.9.22\maven-resolver-impl-1.9.22.jar;C:\Users\kates\.m2\repository\org\apache\maven\resolver\maven-resolver-named-locks\1.9.22\maven-resolver-named-locks-1.9.22.jar;C:\Users\kates\.m2\repository\org\apache\maven\resolver\maven-resolver-spi\1.9.22\maven-resolver-spi-1.9.22.jar;C:\Users\kates\.m2\repository\org\apache\maven\resolver\maven-resolver-util\1.9.22\maven-resolver-util-1.9.22.jar;C:\Users\kates\.m2\repository\org\apache\maven\resolver\maven-resolver-transport-http\1.9.20\maven-resolver-transport-http-1.9.20.jar;C:\Users\kates\.m2\repository\org\apache\maven\wagon\wagon-provider-api\3.5.3\wagon-provider-api-3.5.3.jar;C:\Users\kates\.m2\repository\org\apache\maven\wagon\wagon-http-shared\3.5.3\wagon-http-shared-3.5.3.jar;C:\Users\kates\.m2\repository\org\codehaus\plexus\plexus-interpolation\1.26\plexus-interpolation-1.26.jar;C:\Users\kates\.m2\repository\org\codehaus\plexus\plexus-utils\3.5.1\plexus-utils-3.5.1.jar;C:\Users\kates\.m2\repository\org\codehaus\plexus\plexus-xml\4.0.1\plexus-xml-4.0.1.jar;C:\Users\kates\.m2\repository\org\apache\maven\maven-xml-impl\4.0.0-alpha-5\maven-xml-impl-4.0.0-alpha-5.jar;C:\Users\kates\.m2\repository\org\apache\maven\maven-api-xml\4.0.0-alpha-5\maven-api-xml-4.0.0-alpha-5.jar;C:\Users\kates\.m2\repository\org\apache\maven\maven-api-meta\4.0.0-alpha-5\maven-api-meta-4.0.0-alpha-5.jar;C:\Users\kates\.m2\repository\org\codehaus\plexus\plexus-cipher\2.0\plexus-cipher-2.0.jar;C:\Users\kates\.m2\repository\org\codehaus\plexus\plexus-sec-dispatcher\2.0\plexus-sec-dispatcher-2.0.jar;C:\Users\kates\.m2\repository\org\apache\maven\maven-embedder\3.9.9\maven-embedder-3.9.9.jar;C:\Users\kates\.m2\repository\org\apache\maven\maven-core\3.9.9\maven-core-3.9.9.jar;C:\Users\kates\.m2\repository\org\codehaus\plexus\plexus-component-annotations\2.1.0\plexus-component-annotations-2.1.0.jar;C:\Users\kates\.m2\repository\org\apache\maven\maven-plugin-api\3.9.9\maven-plugin-api-3.9.9.jar;C:\Users\kates\.m2\repository\org\apache\maven\shared\maven-shared-utils\3.4.2\maven-shared-utils-3.4.2.jar;C:\Users\kates\.m2\repository\com\google\inject\guice\5.1.0\guice-5.1.0.jar;C:\Users\kates\.m2\repository\aopalliance\aopalliance\1.0\aopalliance-1.0.jar;C:\Users\kates\.m2\repository\com\google\guava\guava\33.4.8-jre\guava-33.4.8-jre.jar;C:\Users\kates\.m2\repository\com\google\guava\failureaccess\1.0.1\failureaccess-1.0.1.jar;C:\Users\kates\.m2\repository\javax\annotation\javax.annotation-api\1.3.2\javax.annotation-api-1.3.2.jar;C:\Users\kates\.m2\repository\org\codehaus\plexus\plexus-classworlds\2.6.0\plexus-classworlds-2.6.0.jar;C:\Users\kates\.m2\repository\commons-cli\commons-cli\1.8.0\commons-cli-1.8.0.jar;C:\Users\kates\.m2\repository\org\eclipse\sisu\org.eclipse.sisu.plexus\0.9.0.M3\org.eclipse.sisu.plexus-0.9.0.M3.jar;C:\Users\kates\.m2\repository\org\apache\maven\maven-settings-builder\3.9.9\maven-settings-builder-3.9.9.jar;C:\Users\kates\.m2\repository\org\apache\maven\maven-resolver-provider\3.9.9\maven-resolver-provider-3.9.9.jar;C:\Users\kates\.m2\repository\org\apache\maven\resolver\maven-resolver-connector-basic\1.9.22\maven-resolver-connector-basic-1.9.22.jar;C:\Users\kates\.m2\repository\org\apache\maven\resolver\maven-resolver-transport-wagon\1.9.22\maven-resolver-transport-wagon-1.9.22.jar;C:\Users\kates\.m2\repository\org\apache\maven\wagon\wagon-http\3.5.3\wagon-http-3.5.3.jar;C:\Users\kates\.m2\repository\org\apache\maven\wagon\wagon-file\3.5.3\wagon-file-3.5.3.jar;C:\Users\kates\.m2\repository\io\quarkus\quarkus-bootstrap-gradle-resolver\3.22.3\quarkus-bootstrap-gradle-resolver-3.22.3.jar;C:\Users\kates\.m2\repository\commons-io\commons-io\2.19.0\commons-io-2.19.0.jar;C:\Users\kates\.m2\repository\io\quarkus\quarkus-junit5-config\3.22.3\quarkus-junit5-config-3.22.3.jar;C:\Users\kates\.m2\repository\org\junit\jupiter\junit-jupiter-api\5.12.2\junit-jupiter-api-5.12.2.jar;C:\Users\kates\.m2\repository\org\opentest4j\opentest4j\1.3.0\opentest4j-1.3.0.jar;C:\Users\kates\.m2\repository\org\junit\platform\junit-platform-commons\1.12.2\junit-platform-commons-1.12.2.jar;C:\Users\kates\.m2\repository\org\apiguardian\apiguardian-api\1.1.2\apiguardian-api-1.1.2.jar;C:\Users\kates\.m2\repository\org\junit\jupiter\junit-jupiter\5.12.2\junit-jupiter-5.12.2.jar;C:\Users\kates\.m2\repository\org\junit\jupiter\junit-jupiter-params\5.12.2\junit-jupiter-params-5.12.2.jar;C:\Users\kates\.m2\repository\org\junit\jupiter\junit-jupiter-engine\5.12.2\junit-jupiter-engine-5.12.2.jar;C:\Users\kates\.m2\repository\org\junit\platform\junit-platform-engine\1.12.2\junit-platform-engine-1.12.2.jar;C:\Users\kates\.m2\repository\io\rest-assured\rest-assured\5.5.1\rest-assured-5.5.1.jar;C:\Users\kates\.m2\repository\org\apache\groovy\groovy\4.0.22\groovy-4.0.22.jar;C:\Users\kates\.m2\repository\org\apache\groovy\groovy-xml\4.0.22\groovy-xml-4.0.22.jar;C:\Users\kates\.m2\repository\org\apache\httpcomponents\httpclient\4.5.14\httpclient-4.5.14.jar;C:\Users\kates\.m2\repository\org\apache\httpcomponents\httpcore\4.4.16\httpcore-4.4.16.jar;C:\Users\kates\.m2\repository\commons-codec\commons-codec\1.18.0\commons-codec-1.18.0.jar;C:\Users\kates\.m2\repository\org\apache\httpcomponents\httpmime\4.5.14\httpmime-4.5.14.jar;C:\Users\kates\.m2\repository\org\hamcrest\hamcrest\2.2\hamcrest-2.2.jar;C:\Users\kates\.m2\repository\org\ccil\cowan\tagsoup\tagsoup\1.2.1\tagsoup-1.2.1.jar;C:\Users\kates\.m2\repository\io\rest-assured\json-path\5.5.1\json-path-5.5.1.jar;C:\Users\kates\.m2\repository\org\apache\groovy\groovy-json\4.0.22\groovy-json-4.0.22.jar;C:\Users\kates\.m2\repository\io\rest-assured\rest-assured-common\5.5.1\rest-assured-common-5.5.1.jar;C:\Users\kates\.m2\repository\io\rest-assured\xml-path\5.5.1\xml-path-5.5.1.jar;C:\Users\kates\.m2\repository\org\apache\commons\commons-lang3\3.17.0\commons-lang3-3.17.0.jar;C:\Users\kates\.m2\repository\org\projectlombok\lombok\1.18.38\lombok-1.18.38.jar;C:\Users\kates\.m2\repository\io\quarkus\quarkus-oidc\3.22.3\quarkus-oidc-3.22.3.jar;C:\Users\kates\.m2\repository\io\quarkus\quarkus-vertx\3.22.3\quarkus-vertx-3.22.3.jar;C:\Users\kates\.m2\repository\io\quarkus\quarkus-netty\3.22.3\quarkus-netty-3.22.3.jar;C:\Users\kates\.m2\repository\io\netty\netty-codec\4.1.119.Final\netty-codec-4.1.119.Final.jar;C:\Users\kates\.m2\repository\io\netty\netty-codec-haproxy\4.1.119.Final\netty-codec-haproxy-4.1.119.Final.jar;C:\Users\kates\.m2\repository\io\smallrye\common\smallrye-common-annotation\2.12.0\smallrye-common-annotation-2.12.0.jar;C:\Users\kates\.m2\repository\io\quarkus\quarkus-vertx-latebound-mdc-provider\3.22.3\quarkus-vertx-latebound-mdc-provider-3.22.3.jar;C:\Users\kates\.m2\repository\io\smallrye\smallrye-fault-tolerance-vertx\6.9.1\smallrye-fault-tolerance-vertx-6.9.1.jar;C:\Users\kates\.m2\repository\io\quarkus\quarkus-security\3.22.3\quarkus-security-3.22.3.jar;C:\Users\kates\.m2\repository\jakarta\interceptor\jakarta.interceptor-api\2.2.0\jakarta.interceptor-api-2.2.0.jar;C:\Users\kates\.m2\repository\io\quarkus\quarkus-oidc-common\3.22.3\quarkus-oidc-common-3.22.3.jar;C:\Users\kates\.m2\repository\io\smallrye\reactive\smallrye-mutiny-vertx-web-client\3.18.1\smallrye-mutiny-vertx-web-client-3.18.1.jar;C:\Users\kates\.m2\repository\io\quarkus\quarkus-smallrye-jwt-build\3.22.3\quarkus-smallrye-jwt-build-3.22.3.jar;C:\Users\kates\.m2\repository\io\smallrye\smallrye-jwt-build\4.6.1\smallrye-jwt-build-4.6.1.jar;C:\Users\kates\.m2\repository\io\smallrye\smallrye-jwt\4.6.1\smallrye-jwt-4.6.1.jar;C:\Users\kates\.m2\repository\org\eclipse\microprofile\config\microprofile-config-api\3.1\microprofile-config-api-3.1.jar;C:\Users\kates\.m2\repository\org\eclipse\microprofile\jwt\microprofile-jwt-auth-api\2.1\microprofile-jwt-auth-api-2.1.jar;C:\Users\kates\.m2\repository\org\bitbucket\b_c\jose4j\0.9.6\jose4j-0.9.6.jar;C:\Users\kates\.m2\repository\io\smallrye\smallrye-jwt-common\4.6.1\smallrye-jwt-common-4.6.1.jar;C:\Users\kates\.m2\repository\jakarta\annotation\jakarta.annotation-api\3.0.0\jakarta.annotation-api-3.0.0.jar;C:\Users\kates\.m2\repository\io\quarkus\quarkus-keycloak-authorization\3.22.3\quarkus-keycloak-authorization-3.22.3.jar;C:\Users\kates\.m2\repository\org\keycloak\keycloak-policy-enforcer\26.0.4\keycloak-policy-enforcer-26.0.4.jar;C:\Users\kates\.m2\repository\org\keycloak\keycloak-client-common-synced\26.0.4\keycloak-client-common-synced-26.0.4.jar;C:\Users\kates\.m2\repository\org\eclipse\angus\angus-activation\2.0.2\angus-activation-2.0.2.jar;C:\Users\kates\.m2\repository\org\keycloak\keycloak-authz-client\26.0.4\keycloak-authz-client-26.0.4.jar;C:\Users\kates\.m2\repository\com\fasterxml\jackson\datatype\jackson-datatype-jdk8\2.18.3\jackson-datatype-jdk8-2.18.3.jar;C:\Users\kates\.m2\repository\com\fasterxml\jackson\datatype\jackson-datatype-jsr310\2.18.3\jackson-datatype-jsr310-2.18.3.jar;C:\Users\kates\.m2\repository\org\eclipse\microprofile\openapi\microprofile-openapi-api\4.0.2\microprofile-openapi-api-4.0.2.jar;C:\Users\kates\.m2\repository\io\quarkus\quarkus-apache-httpclient\3.22.3\quarkus-apache-httpclient-3.22.3.jar;C:\Users\kates\.m2\repository\org\jboss\logging\commons-logging-jboss-logging\1.0.0.Final\commons-logging-jboss-logging-1.0.0.Final.jar;"/>
    <property name="sun.cpu.endian" value="little"/>
    <property name="vertx.disableWebsockets" value="true"/>
    <property name="user.home" value="C:\Users\kates"/>
    <property name="user.language" value="pt"/>
    <property name="jboss.log-version" value="false"/>
    <property name="java.specification.vendor" value="Oracle Corporation"/>
    <property name="io.netty.allocator.maxOrder" value="3"/>
    <property name="java.version.date" value="2025-04-15"/>
    <property name="java.home" value="C:\Program Files\Java\jdk-21"/>
    <property name="file.separator" value="\"/>
    <property name="basedir" value="C:\Users\kates\OneDrive\Área de Trabalho\algoritmos\Udemy\Projeto de software\job-interest-service\jobsInterest"/>
    <property name="java.vm.compressedOopsMode" value="Zero based"/>
    <property name="line.separator" value="&#10;"/>
    <property name="java.vm.specification.vendor" value="Oracle Corporation"/>
    <property name="java.specification.name" value="Java Platform API Specification"/>
    <property name="io.netty.allocator.disableCacheFinalizersForFastThreadLocalThreads" value="true"/>
    <property name="surefire.real.class.path" value="C:\Users\kates\AppData\Local\Temp\surefire18393619400700128563\surefirebooter-20250616173656439_3.jar"/>
    <property name="user.script" value=""/>
    <property name="sun.management.compiler" value="HotSpot 64-Bit Tiered Compilers"/>
    <property name="java.runtime.version" value="21.0.7+8-LTS-245"/>
    <property name="user.name" value="kates"/>
    <property name="stdout.encoding" value="Cp1252"/>
    <property name="path.separator" value=";"/>
    <property name="os.version" value="10.0"/>
    <property name="java.runtime.name" value="Java(TM) SE Runtime Environment"/>
    <property name="file.encoding" value="UTF-8"/>
    <property name="java.vm.name" value="Java HotSpot(TM) 64-Bit Server VM"/>
    <property name="localRepository" value="C:\Users\kates\.m2\repository"/>
    <property name="java.vendor.url.bug" value="https://bugreport.java.com/bugreport/"/>
    <property name="java.io.tmpdir" value="C:\Users\kates\AppData\Local\Temp\"/>
    <property name="quarkus.log.file.path" value="target\quarkus.log"/>
    <property name="java.version" value="21.0.7"/>
    <property name="java.util.concurrent.ForkJoinPool.common.threadFactory" value="io.quarkus.bootstrap.forkjoin.QuarkusForkJoinWorkerThreadFactory"/>
    <property name="user.dir" value="C:\Users\kates\OneDrive\Área de Trabalho\algoritmos\Udemy\Projeto de software\job-interest-service\jobsInterest"/>
    <property name="os.arch" value="amd64"/>
    <property name="SkipTests" value="true"/>
    <property name="java.vm.specification.name" value="Java Virtual Machine Specification"/>
    <property name="vertx.disableDnsResolver" value="true"/>
    <property name="sun.os.patch.level" value=""/>
    <property name="native.encoding" value="Cp1252"/>
    <property name="java.util.logging.manager" value="org.jboss.logmanager.LogManager"/>
    <property name="java.library.path" value="C:\Program Files\Java\jdk-21\bin;C:\Windows\Sun\Java\bin;C:\Windows\system32;C:\Windows;C:\Program Files\Python313\Scripts\;C:\Program Files\Python313\;C:\Windows\system32;C:\Windows;C:\Windows\System32\Wbem;C:\Windows\System32\WindowsPowerShell\v1.0\;C:\Windows\System32\OpenSSH\;C:\Program Files\dotnet\;C:\Program Files (x86)\Microsoft SQL Server\160\Tools\Binn\;C:\Program Files\Microsoft SQL Server\160\Tools\Binn\;C:\Program Files\Microsoft SQL Server\Client SDK\ODBC\170\Tools\Binn\;C:\Program Files\Microsoft SQL Server\160\DTS\Binn\;C:\Program Files (x86)\Microsoft SQL Server\160\DTS\Binn\;C:\Program Files\MongoDB\Server\8.0\bin;C:\Program Files\Git\cmd;C:\Program Files\MySQL\MySQL Server 8.0\bin;C:\FFMPEG\ffmpeg-master-latest-win64-gpl-shared\bin;C:\Users\kates\AppData\Roaming\Python\Python313\Scripts;C:\sqlite3;C:\Program Files\Java\jdk-21\bin;C:\nssm\win64;C:\Program Files\Docker\Docker\resources\bin;%MAVEN_HOME%\bin;C:\Users\kates\AppData\Local\Microsoft\WindowsApps;C:\Users\kates\.dotnet\tools;C:\Users\kates\AppData\Local\Programs\Microsoft VS Code\bin;C:\Users\kates\AppData\Local\Programs\Hyper\resources\bin;C:\Program Files\MongoDB\Server\8.0\bin;C:\Users\kates\AppData\Local\Programs\mongosh\;C:\Program Files\JetBrains\PyCharm Community Edition 2024.3\bin;C:\Program Files\MySQL\MySQL Server 8.0\bin;C:\Users\kates\AppData\Local\Microsoft\WinGet\Links;C:\FFMPEG\ffmpeg-master-latest-win64-gpl-shared\bin;C:\Users\kates\AppData\Roaming\Python\Python313\Scripts;C:\sqlite3;C:\nssm\win64;C:\Users\kates\.lmstudio\bin;C:\Program Files\Java\jdk-21\bin;C:\Program Files\Apache\Maven\apache-maven-3.9.9\bin;;C:\Program Files\JetBrains\IntelliJ IDEA 2025.1.1.1\bin;;."/>
    <property name="jdk.console" value="java.base"/>
    <property name="java.vm.info" value="mixed mode, sharing"/>
    <property name="stderr.encoding" value="Cp1252"/>
    <property name="java.vendor" value="Oracle Corporation"/>
    <property name="vertx.disableTCCL" value="true"/>
    <property name="java.vm.version" value="21.0.7+8-LTS-245"/>
    <property name="vertx.logger-delegate-factory-class-name" value="io.quarkus.vertx.core.runtime.VertxLogDelegateFactory"/>
    <property name="sun.io.unicode.encoding" value="UnicodeLittle"/>
    <property name="io.netty.machineId" value="ba:5d:b6:ba:a0:be:2a:a4"/>
    <property name="java.class.version" value="65.0"/>
  </properties>
  <testcase name="testHelloEndpoint" classname="org.acme.GreetingResourceTest" time="0.02">
    <error message="java.lang.RuntimeException: Failed to start quarkus" type="java.lang.RuntimeException"><![CDATA[java.lang.RuntimeException: java.lang.RuntimeException: Failed to start quarkus
	at io.quarkus.test.junit.QuarkusTestExtension.throwBootFailureException(QuarkusTestExtension.java:667)
	at io.quarkus.test.junit.QuarkusTestExtension.interceptTestClassConstructor(QuarkusTestExtension.java:762)
	at java.base/java.util.Optional.orElseGet(Optional.java:364)
	at java.base/java.util.ArrayList.forEach(ArrayList.java:1596)
	at java.base/java.util.ArrayList.forEach(ArrayList.java:1596)
Caused by: java.lang.RuntimeException: Failed to start quarkus
	at io.quarkus.runner.ApplicationImpl.doStart(Unknown Source)
	at io.quarkus.runtime.Application.start(Application.java:101)
	at java.base/java.lang.reflect.Method.invoke(Method.java:580)
	at io.quarkus.runner.bootstrap.StartupActionImpl.run(StartupActionImpl.java:310)
	at io.quarkus.test.junit.QuarkusTestExtension.doJavaStart(QuarkusTestExtension.java:232)
	at io.quarkus.test.junit.QuarkusTestExtension.ensureStarted(QuarkusTestExtension.java:641)
	at io.quarkus.test.junit.QuarkusTestExtension.beforeAll(QuarkusTestExtension.java:686)
	... 1 more
Caused by: java.lang.RuntimeException: Unable to start HTTP server
	at io.quarkus.vertx.http.runtime.VertxHttpRecorder.doServerStart(VertxHttpRecorder.java:979)
	at io.quarkus.vertx.http.runtime.VertxHttpRecorder.startServer(VertxHttpRecorder.java:370)
	at io.quarkus.runner.recorded.VertxHttpProcessor$openSocket1873327713.deploy_0(Unknown Source)
	at io.quarkus.runner.recorded.VertxHttpProcessor$openSocket1873327713.deploy(Unknown Source)
	... 8 more
Caused by: java.util.concurrent.ExecutionException: io.quarkus.runtime.QuarkusBindException: Port already bound: 8081: Address already in use: bind
	at java.base/java.util.concurrent.CompletableFuture.reportGet(CompletableFuture.java:396)
	at java.base/java.util.concurrent.CompletableFuture.get(CompletableFuture.java:2073)
	at io.quarkus.vertx.http.runtime.VertxHttpRecorder.doServerStart(VertxHttpRecorder.java:896)
	... 11 more
Caused by: io.quarkus.runtime.QuarkusBindException: Port already bound: 8081: Address already in use: bind
	at io.quarkus.vertx.http.runtime.VertxHttpRecorder$WebDeploymentVerticle$3.handle(VertxHttpRecorder.java:1348)
	at io.quarkus.vertx.http.runtime.VertxHttpRecorder$WebDeploymentVerticle$3.handle(VertxHttpRecorder.java:1343)
	at io.vertx.core.impl.future.FutureImpl$4.onFailure(FutureImpl.java:188)
	at io.vertx.core.impl.future.FutureBase.emitFailure(FutureBase.java:81)
	at io.vertx.core.impl.future.FutureImpl.addListener(FutureImpl.java:226)
	at io.vertx.core.impl.future.FutureImpl.onComplete(FutureImpl.java:199)
	at io.vertx.core.http.HttpServer.listen(HttpServer.java:243)
	at io.quarkus.vertx.http.runtime.VertxHttpRecorder$WebDeploymentVerticle.setupTcpHttpServer(VertxHttpRecorder.java:1343)
	at io.quarkus.vertx.http.runtime.VertxHttpRecorder$WebDeploymentVerticle.start(VertxHttpRecorder.java:1257)
	at io.vertx.core.impl.DeploymentManager.lambda$doDeploy$5(DeploymentManager.java:210)
	at io.vertx.core.impl.ContextInternal.dispatch(ContextInternal.java:270)
	at io.vertx.core.impl.ContextInternal.dispatch(ContextInternal.java:252)
	at io.vertx.core.impl.ContextInternal.lambda$runOnContext$0(ContextInternal.java:50)
	at io.netty.util.concurrent.AbstractEventExecutor.runTask(AbstractEventExecutor.java:173)
	at io.netty.util.concurrent.AbstractEventExecutor.safeExecute(AbstractEventExecutor.java:166)
	at io.netty.util.concurrent.SingleThreadEventExecutor.runAllTasks(SingleThreadEventExecutor.java:472)
	at io.netty.channel.nio.NioEventLoop.run(NioEventLoop.java:569)
	at io.netty.util.concurrent.SingleThreadEventExecutor$4.run(SingleThreadEventExecutor.java:998)
	at io.netty.util.internal.ThreadExecutorMap$2.run(ThreadExecutorMap.java:74)
	at io.netty.util.concurrent.FastThreadLocalRunnable.run(FastThreadLocalRunnable.java:30)
	at java.base/java.lang.Thread.run(Thread.java:1583)
]]></error>
    <system-out><![CDATA[2025-06-16 17:37:22,745 INFO  [org.hib.jpa.int.uti.LogHelper] (main) HHH000204: Processing PersistenceUnitInfo [name: <default>]
2025-06-16 17:37:23,187 INFO  [org.hib.Version] (main) HHH000412: Hibernate ORM core version 6.6.14.Final
2025-06-16 17:37:23,556 INFO  [org.hib.orm.con.pooling] (main) HHH10001005: Database info:
	Database JDBC URL [undefined/unknown]
	Database driver: undefined/unknown
	Database version: 12.0
	Autocommit mode: undefined/unknown
	Isolation level: <unknown>
	Minimum pool size: undefined/unknown
	Maximum pool size: undefined/unknown
]]></system-out>
  </testcase>
</testsuite>